e:\project\vs\daq_gui_qt\daq_gui_qt\debug\moc_getaipoints.obj
e:\project\vs\daq_gui_qt\daq_gui_qt\debug\qrc_daq_gui_qt.obj
e:\project\vs\daq_gui_qt\daq_gui_qt\debug\moc_daq_gui_qt.obj
e:\project\vs\daq_gui_qt\daq_gui_qt\debug\vc143.pdb
e:\project\vs\daq_gui_qt\daq_gui_qt\debug\getaipoints.obj
e:\project\vs\daq_gui_qt\debug\concrt140.dll
e:\project\vs\daq_gui_qt\debug\msvcp140.dll
e:\project\vs\daq_gui_qt\debug\msvcp140_1.dll
e:\project\vs\daq_gui_qt\debug\msvcp140_2.dll
e:\project\vs\daq_gui_qt\debug\msvcp140_atomic_wait.dll
e:\project\vs\daq_gui_qt\debug\msvcp140_codecvt_ids.dll
e:\project\vs\daq_gui_qt\debug\vccorlib140.dll
e:\project\vs\daq_gui_qt\debug\vcruntime140.dll
e:\project\vs\daq_gui_qt\debug\vcamp140.dll
e:\project\vs\daq_gui_qt\debug\mfc140chs.dll
e:\project\vs\daq_gui_qt\debug\mfc140cht.dll
e:\project\vs\daq_gui_qt\debug\mfc140deu.dll
e:\project\vs\daq_gui_qt\debug\mfc140enu.dll
e:\project\vs\daq_gui_qt\debug\mfc140esn.dll
e:\project\vs\daq_gui_qt\debug\mfc140fra.dll
e:\project\vs\daq_gui_qt\debug\mfc140ita.dll
e:\project\vs\daq_gui_qt\debug\mfc140jpn.dll
e:\project\vs\daq_gui_qt\debug\mfc140kor.dll
e:\project\vs\daq_gui_qt\debug\mfc140rus.dll
e:\project\vs\daq_gui_qt\debug\mfc140.dll
e:\project\vs\daq_gui_qt\debug\mfc140u.dll
e:\project\vs\daq_gui_qt\debug\mfcm140.dll
e:\project\vs\daq_gui_qt\debug\mfcm140u.dll
e:\project\vs\daq_gui_qt\debug\vcomp140.dll
e:\project\vs\daq_gui_qt\daq_gui_qt\debug\uic\ui_daq_gui_qt.h
e:\project\vs\daq_gui_qt\daq_gui_qt\debug\rcc\qrc_daq_gui_qt.cpp
e:\project\vs\daq_gui_qt\daq_gui_qt\debug\moc\moc_daq_gui_qt.cpp
e:\project\vs\daq_gui_qt\daq_gui_qt\debug\moc\moc_getaipoints.cpp
e:\project\vs\daq_gui_qt\daq_gui_qt\debug\daq_gui_qt.obj
e:\project\vs\daq_gui_qt\daq_gui_qt\debug\main.obj
e:\project\vs\daq_gui_qt\debug\daq_gui_qt.pdb
e:\project\vs\daq_gui_qt\daq_gui_qt\debug\daq_gui_qt.tlog\cl.command.1.tlog
e:\project\vs\daq_gui_qt\daq_gui_qt\debug\daq_gui_qt.tlog\cl.read.1.tlog
e:\project\vs\daq_gui_qt\daq_gui_qt\debug\daq_gui_qt.tlog\cl.write.1.tlog
e:\project\vs\daq_gui_qt\daq_gui_qt\debug\daq_gui_qt.tlog\copylocal.read.1u.tlog
e:\project\vs\daq_gui_qt\daq_gui_qt\debug\daq_gui_qt.tlog\copylocal.write.1u.tlog
e:\project\vs\daq_gui_qt\daq_gui_qt\debug\daq_gui_qt.tlog\daq_gui_qt.write.1u.tlog
e:\project\vs\daq_gui_qt\daq_gui_qt\debug\daq_gui_qt.tlog\link.command.1.tlog
e:\project\vs\daq_gui_qt\daq_gui_qt\debug\daq_gui_qt.tlog\link.read.1.tlog
e:\project\vs\daq_gui_qt\daq_gui_qt\debug\daq_gui_qt.tlog\link.write.1.tlog
e:\project\vs\daq_gui_qt\daq_gui_qt\debug\daq_gui_qt.tlog\moc.read.1u.tlog
e:\project\vs\daq_gui_qt\daq_gui_qt\debug\daq_gui_qt.tlog\moc.write.1u.tlog
e:\project\vs\daq_gui_qt\daq_gui_qt\debug\daq_gui_qt.tlog\rcc.read.1u.tlog
e:\project\vs\daq_gui_qt\daq_gui_qt\debug\daq_gui_qt.tlog\rcc.write.1u.tlog
e:\project\vs\daq_gui_qt\daq_gui_qt\debug\daq_gui_qt.tlog\uic.read.1u.tlog
e:\project\vs\daq_gui_qt\daq_gui_qt\debug\daq_gui_qt.tlog\uic.write.1u.tlog
