  DAQ_GUI_QT.cpp
  main.cpp
E:\project\vs\DAQ_GUI_QT\DAQ_GUI_QT\Debug\uic\ui_DAQ_GUI_QT.h(39,5): error C2653: “QtCharts”: 不是类或命名空间名称 (编译源文件 DAQ_GUI_QT.cpp)
E:\project\vs\DAQ_GUI_QT\DAQ_GUI_QT\Debug\uic\ui_DAQ_GUI_QT.h(39,5): error C2653: “QtCharts”: 不是类或命名空间名称 (编译源文件 main.cpp)
E:\project\vs\DAQ_GUI_QT\DAQ_GUI_QT\Debug\uic\ui_DAQ_GUI_QT.h(154,27): error C2653: “QtCharts”: 不是类或命名空间名称 (编译源文件 DAQ_GUI_QT.cpp)
E:\project\vs\DAQ_GUI_QT\DAQ_GUI_QT\Debug\uic\ui_DAQ_GUI_QT.h(154,27): error C2653: “QtCharts”: 不是类或命名空间名称 (编译源文件 main.cpp)
E:\project\vs\DAQ_GUI_QT\DAQ_GUI_QT\GetAIPoints.h(1,1): warning C4828: 文件包含在偏移 0xcb 处开始的字符，该字符在当前源字符集中无效(代码页 65001)。 (编译源文件 main.cpp)
E:\project\vs\DAQ_GUI_QT\DAQ_GUI_QT\GetAIPoints.h(1,1): warning C4828: 文件包含在偏移 0xcb 处开始的字符，该字符在当前源字符集中无效(代码页 65001)。 (编译源文件 DAQ_GUI_QT.cpp)
E:\project\vs\DAQ_GUI_QT\DAQ_GUI_QT\GetAIPoints.h(1,1): warning C4828: 文件包含在偏移 0xcd 处开始的字符，该字符在当前源字符集中无效(代码页 65001)。 (编译源文件 main.cpp)
E:\project\vs\DAQ_GUI_QT\DAQ_GUI_QT\GetAIPoints.h(1,1): warning C4828: 文件包含在偏移 0xcd 处开始的字符，该字符在当前源字符集中无效(代码页 65001)。 (编译源文件 DAQ_GUI_QT.cpp)
E:\project\vs\DAQ_GUI_QT\DAQ_GUI_QT\GetAIPoints.h(1,1): warning C4828: 文件包含在偏移 0xce 处开始的字符，该字符在当前源字符集中无效(代码页 65001)。 (编译源文件 main.cpp)
E:\project\vs\DAQ_GUI_QT\DAQ_GUI_QT\GetAIPoints.h(1,1): warning C4828: 文件包含在偏移 0xce 处开始的字符，该字符在当前源字符集中无效(代码页 65001)。 (编译源文件 DAQ_GUI_QT.cpp)
E:\project\vs\DAQ_GUI_QT\DAQ_GUI_QT\GetAIPoints.h(1,1): warning C4828: 文件包含在偏移 0xcf 处开始的字符，该字符在当前源字符集中无效(代码页 65001)。 (编译源文件 main.cpp)
E:\project\vs\DAQ_GUI_QT\DAQ_GUI_QT\GetAIPoints.h(1,1): warning C4828: 文件包含在偏移 0xcf 处开始的字符，该字符在当前源字符集中无效(代码页 65001)。 (编译源文件 DAQ_GUI_QT.cpp)
E:\project\vs\DAQ_GUI_QT\DAQ_GUI_QT\GetAIPoints.h(1,1): warning C4828: 文件包含在偏移 0xd0 处开始的字符，该字符在当前源字符集中无效(代码页 65001)。 (编译源文件 main.cpp)
E:\project\vs\DAQ_GUI_QT\DAQ_GUI_QT\GetAIPoints.h(1,1): warning C4828: 文件包含在偏移 0xd0 处开始的字符，该字符在当前源字符集中无效(代码页 65001)。 (编译源文件 DAQ_GUI_QT.cpp)
E:\project\vs\DAQ_GUI_QT\DAQ_GUI_QT\GetAIPoints.h(1,1): warning C4828: 文件包含在偏移 0xd2 处开始的字符，该字符在当前源字符集中无效(代码页 65001)。 (编译源文件 DAQ_GUI_QT.cpp)
E:\project\vs\DAQ_GUI_QT\DAQ_GUI_QT\GetAIPoints.h(1,1): warning C4828: 文件包含在偏移 0xd2 处开始的字符，该字符在当前源字符集中无效(代码页 65001)。 (编译源文件 main.cpp)
E:\project\vs\DAQ_GUI_QT\DAQ_GUI_QT\GetAIPoints.h(1,1): warning C4828: 文件包含在偏移 0xd3 处开始的字符，该字符在当前源字符集中无效(代码页 65001)。 (编译源文件 main.cpp)
E:\project\vs\DAQ_GUI_QT\DAQ_GUI_QT\GetAIPoints.h(1,1): warning C4828: 文件包含在偏移 0xd3 处开始的字符，该字符在当前源字符集中无效(代码页 65001)。 (编译源文件 DAQ_GUI_QT.cpp)
E:\project\vs\DAQ_GUI_QT\DAQ_GUI_QT\GetAIPoints.h(1,1): warning C4828: 文件包含在偏移 0xd4 处开始的字符，该字符在当前源字符集中无效(代码页 65001)。 (编译源文件 main.cpp)
E:\project\vs\DAQ_GUI_QT\DAQ_GUI_QT\GetAIPoints.h(1,1): warning C4828: 文件包含在偏移 0xd4 处开始的字符，该字符在当前源字符集中无效(代码页 65001)。 (编译源文件 DAQ_GUI_QT.cpp)
E:\project\vs\DAQ_GUI_QT\DAQ_GUI_QT\GetAIPoints.h(1,1): warning C4828: 文件包含在偏移 0x117 处开始的字符，该字符在当前源字符集中无效(代码页 65001)。 (编译源文件 main.cpp)
E:\project\vs\DAQ_GUI_QT\DAQ_GUI_QT\GetAIPoints.h(1,1): warning C4828: 文件包含在偏移 0x117 处开始的字符，该字符在当前源字符集中无效(代码页 65001)。 (编译源文件 DAQ_GUI_QT.cpp)
E:\project\vs\DAQ_GUI_QT\DAQ_GUI_QT\GetAIPoints.h(1,1): warning C4828: 文件包含在偏移 0x118 处开始的字符，该字符在当前源字符集中无效(代码页 65001)。 (编译源文件 main.cpp)
E:\project\vs\DAQ_GUI_QT\DAQ_GUI_QT\GetAIPoints.h(1,1): warning C4828: 文件包含在偏移 0x118 处开始的字符，该字符在当前源字符集中无效(代码页 65001)。 (编译源文件 DAQ_GUI_QT.cpp)
E:\project\vs\DAQ_GUI_QT\DAQ_GUI_QT\GetAIPoints.h(1,1): warning C4828: 文件包含在偏移 0x119 处开始的字符，该字符在当前源字符集中无效(代码页 65001)。 (编译源文件 main.cpp)
E:\project\vs\DAQ_GUI_QT\DAQ_GUI_QT\GetAIPoints.h(1,1): warning C4828: 文件包含在偏移 0x119 处开始的字符，该字符在当前源字符集中无效(代码页 65001)。 (编译源文件 DAQ_GUI_QT.cpp)
E:\project\vs\DAQ_GUI_QT\DAQ_GUI_QT\DAQ_GUI_QT.h(21,7): error C2143: 语法错误: 缺少“;”(在“<class-head>”的前面) (编译源文件 main.cpp)
E:\project\vs\DAQ_GUI_QT\DAQ_GUI_QT\DAQ_GUI_QT.h(21,7): error C2143: 语法错误: 缺少“;”(在“<class-head>”的前面) (编译源文件 DAQ_GUI_QT.cpp)
E:\project\vs\DAQ_GUI_QT\DAQ_GUI_QT\DAQ_GUI_QT.h(21,18): error C4430: 缺少类型说明符 - 假定为 int。注意: C++ 不支持默认 int (编译源文件 main.cpp)
E:\project\vs\DAQ_GUI_QT\DAQ_GUI_QT\DAQ_GUI_QT.h(21,18): error C4430: 缺少类型说明符 - 假定为 int。注意: C++ 不支持默认 int (编译源文件 DAQ_GUI_QT.cpp)
